[17-Nov-2025 07:32:52 Europe/Berlin] Database query error: SQLSTATE[42S22]: Column not found: 1054 Unknown column 'date_of_birth' in 'field list' - Query: INSERT INTO citations (ticket_number, driver_id, last_name, first_name,
        middle_initial, suffix, date_of_birth, age, zone, barangay, municipality, province, license_number,
        license_type, plate_mv_engine_chassis_no, vehicle_description,
        apprehension_datetime, place_of_apprehension, remarks, created_at)
        VALUES (?, ?, ?, ?, ?, ?, ?, ?, ?, ?, ?, ?, ?, ?, ?, ?, ?, ?, ?, NOW())
[17-Nov-2025 07:32:52 Europe/Berlin] Citation submission error: Database operation failed | File: C:\xampp\htdocs\vlad\includes\functions.php | Line: 19
[17-Nov-2025 07:35:30 Europe/Berlin] Database query error: SQLSTATE[42S22]: Column not found: 1054 Unknown column 'age' in 'field list' - Query: INSERT INTO citations (ticket_number, driver_id, last_name, first_name,
        middle_initial, suffix, date_of_birth, age, zone, barangay, municipality, province, license_number,
        license_type, plate_mv_engine_chassis_no, vehicle_description,
        apprehension_datetime, place_of_apprehension, remarks, created_at)
        VALUES (?, ?, ?, ?, ?, ?, ?, ?, ?, ?, ?, ?, ?, ?, ?, ?, ?, ?, ?, NOW())
[17-Nov-2025 07:35:30 Europe/Berlin] Citation submission error: Database operation failed | File: C:\xampp\htdocs\vlad\includes\functions.php | Line: 19
[17-Nov-2025 07:37:06 Europe/Berlin] Database query error: SQLSTATE[HY000]: General error: 1442 Can't update table 'violations' in stored function/trigger because it is already used by statement which invoked this stored function/trigger - Query: INSERT INTO violations (citation_id, violation_type_id, offense_count)
            VALUES (?, ?, ?)
[17-Nov-2025 07:37:06 Europe/Berlin] Citation submission error: Database operation failed | File: C:\xampp\htdocs\vlad\includes\functions.php | Line: 19
[17-Nov-2025 08:34:46 Europe/Berlin] PHP Fatal error:  Uncaught Error: Call to undefined function show_flash() in C:\xampp\htdocs\vlad\public\index.php:257
Stack trace:
#0 {main}
  thrown in C:\xampp\htdocs\vlad\public\index.php on line 257
[17-Nov-2025 08:34:52 Europe/Berlin] PHP Fatal error:  Uncaught Error: Call to undefined function show_flash() in C:\xampp\htdocs\vlad\public\index.php:257
Stack trace:
#0 {main}
  thrown in C:\xampp\htdocs\vlad\public\index.php on line 257
[17-Nov-2025 08:34:55 Europe/Berlin] PHP Fatal error:  Uncaught Error: Call to undefined function show_flash() in C:\xampp\htdocs\vlad\public\index.php:257
Stack trace:
#0 {main}
  thrown in C:\xampp\htdocs\vlad\public\index.php on line 257
[17-Nov-2025 08:34:55 Europe/Berlin] PHP Fatal error:  Uncaught Error: Call to undefined function show_flash() in C:\xampp\htdocs\vlad\public\index.php:257
Stack trace:
#0 {main}
  thrown in C:\xampp\htdocs\vlad\public\index.php on line 257
[17-Nov-2025 08:34:56 Europe/Berlin] PHP Fatal error:  Uncaught Error: Call to undefined function show_flash() in C:\xampp\htdocs\vlad\public\index.php:257
Stack trace:
#0 {main}
  thrown in C:\xampp\htdocs\vlad\public\index.php on line 257
[17-Nov-2025 08:35:29 Europe/Berlin] PHP Fatal error:  Uncaught Error: Call to undefined function show_flash() in C:\xampp\htdocs\vlad\public\index.php:257
Stack trace:
#0 {main}
  thrown in C:\xampp\htdocs\vlad\public\index.php on line 257
[17-Nov-2025 08:38:29 Europe/Berlin] PHP Fatal error:  Uncaught Error: Call to undefined function show_flash() in C:\xampp\htdocs\vlad\public\index.php:266
Stack trace:
#0 {main}
  thrown in C:\xampp\htdocs\vlad\public\index.php on line 266
[17-Nov-2025 08:38:29 Europe/Berlin] PHP Fatal error:  Uncaught Error: Call to undefined function show_flash() in C:\xampp\htdocs\vlad\public\index.php:266
Stack trace:
#0 {main}
  thrown in C:\xampp\htdocs\vlad\public\index.php on line 266
[17-Nov-2025 08:38:29 Europe/Berlin] PHP Fatal error:  Uncaught Error: Call to undefined function show_flash() in C:\xampp\htdocs\vlad\public\index.php:266
Stack trace:
#0 {main}
  thrown in C:\xampp\htdocs\vlad\public\index.php on line 266
[17-Nov-2025 08:38:30 Europe/Berlin] PHP Fatal error:  Uncaught Error: Call to undefined function show_flash() in C:\xampp\htdocs\vlad\public\index.php:266
Stack trace:
#0 {main}
  thrown in C:\xampp\htdocs\vlad\public\index.php on line 266
[17-Nov-2025 11:50:10 Europe/Berlin] Citation 2 status changed from 'pending' to 'contested' by admin
[17-Nov-2025 11:50:25 Europe/Berlin] Citation 2 status changed from 'contested' to 'pending' by admin
[17-Nov-2025 12:05:29 Europe/Berlin] Citation 2 status changed from 'pending' to 'contested' by admin
[17-Nov-2025 12:10:49 Europe/Berlin] Citation 2 status changed from 'contested' to 'pending' by admin
[17-Nov-2025 12:20:25 Europe/Berlin] Citation 2 status changed from 'pending' to 'void' by admin
[17-Nov-2025 12:20:36 Europe/Berlin] Citation 2 status changed from 'void' to 'pending' by admin
